<?xml version="1.0" encoding="UTF-8"?>
<!-- Generated by org.testng.reporters.JUnitReportReporter -->
<testsuite skipped="2" hostname="Home" name="com.myTests.HomePageTest" tests="3" failures="0" timestamp="2021-08-23T12:54:55 CDT" time="16.596" errors="0">
  <testcase name="verifyDressesTab" time="16.596" classname="com.myTests.HomePageTest"/>
  <system-out/>
  <testcase name="verifyHomePageTitle" classname="com.myTests.HomePageTest">
    <skipped/>
  </testcase> <!-- verifyHomePageTitle -->
  <system-out/>
  <testcase name="verifyHomePageheader" classname="com.myTests.HomePageTest">
    <skipped/>
  </testcase> <!-- verifyHomePageheader -->
  <system-out/>
</testsuite> <!-- com.myTests.HomePageTest -->
